<?xml version="1.0" encoding="UTF-8"?>
<!-- Generated by org.testng.reporters.JUnitXMLReporter -->
<testsuite ignored="0" hostname="FM-LAPTOP" failures="0" tests="8" name="Default test" time="213.07" errors="0" timestamp="2025-05-02T10:17:59 BDT">
  <testcase classname="execution.TestExecution" name="LoginFunctionality" time="6.892"/>
  <testcase classname="execution.TestExecution" name="LoginNegativeFunctionality" time="5.641"/>
  <testcase classname="execution.TestExecution" name="AddToCart" time="29.611"/>
  <testcase classname="execution.TestExecution" name="CheckoutProcess" time="33.649"/>
  <testcase classname="execution.TestExecution" name="SortingProducts" time="32.985"/>
  <testcase classname="execution.TestExecution" name="LogoutFunctionality" time="13.824"/>
  <testcase classname="execution.TestExecution" name="LockedOutUser" time="5.662"/>
  <testcase classname="execution.TestExecution" name="CartBadgeCount" time="25.299"/>
</testsuite> <!-- Default test -->
